~~~~~~~~~~~~~~~~~~~~~~~~~~~~~~~~~~~~~~~~~~~~~~~~~~~~~~~~~~~~~~~~~~~~~~~~~~~~~~~~~~~~~~~~~~~~~~~~~~~~
pipline: genome
~~~~~~~~~~~~~~~~~~~~~~~~~~~~~~~~~~~~~~~~~~~~~~~~~~~~~~~~~~~~~~~~~~~~~~~~~~~~~~~~~~~~~~~~~~~~~~~~~~~~
protaminer status
~~~~~~~~~~~~~~~~~~~~~~~~~~~~~~~~~~~~~~~~~~~~~~~~~~~~~~~~~~~~~~~~~~~~~~~~~~~~~~~~~~~~~~~~~~~~~~~~~~~~
updating /path/to/jobFiles/.genome.yml.data/genome.yml.status
updated	10/27/2025 12:39:47
qType	slurm
submitted	10/25/2025 14:21:59	XXXXX
job_name                              array  job_ID     exit_status  start_time  wall_time  maxvmem
genome_download ------------------------  @  34821301   0    Sat 10/25/25 14:22  00:01:12   0.062G 
genome_composite_mm39_dm6 --------------     34821302   0    Sat 10/25/25 14:23  00:00:44   0.062G 
genome_mappability_mm39_dm6 ------------     34821303   0    Sat 10/25/25 14:24  22:37:04   29.539G
genome_bin_mm39_dm6 --------------------     34821304   0    Sun 10/26/25 13:02  00:10:34   1.026G 
~~~~~~~~~~~~~~~~~~~~~~~~~~~~~~~~~~~~~~~~~~~~~~~~~~~~~~~~~~~~~~~~~~~~~~~~~~~~~~~~~~~~~~~~~~~~~~~~~~~~
protaminer report
~~~~~~~~~~~~~~~~~~~~~~~~~~~~~~~~~~~~~~~~~~~~~~~~~~~~~~~~~~~~~~~~~~~~~~~~~~~~~~~~~~~~~~~~~~~~~~~~~~~~
====================================================================================================
job: 34821301
----------------------------------------------------------------------------------------------------
/path/to/jobFiles/.genome.yml.data/log/slurm/genome_download.o34821301-1
----------------------------------------------------------------------------------------------------

---
job-manager:
    host: gl3024.arc-ts.umich.edu
    started: Sat 10/25/25 14:22
---
pipeline: protamine-tools/genome:main
description: "download and prepare genome files for binned analysis"
execute: download
thread: default
nTasks: 2
download:
    download-genome:
        genome:
            - mm39
            - dm6
        genomes-dir:    /path/to/mdi/resources/genomes
    annotation:
        gencode-release: M36
    output:
        output-dir:     /path/to/jobFiles
        data-name:
            - mm39
            - dm6
    push:
        push-server:    null
        push-dir:       /srv/data
        push-user:      ubuntu
        push-key:       ~/.ssh/mdi-push-key.pem
    version:
        version:        latest
    resources:
        runtime:        auto
        n-cpu:          1
        n-gpu:          0
        ram-per-cpu:    8G
        tmp-dir:        /tmp
        tmp-dir-large:  /tmp
    job-manager:
        email:          nobody@nowhere.edu
        account:        XXXXX
        time-limit:     1:00:00
        partition:      standard
        exclusive:      false
    workflow:
        force:          false
        rollback:       null
        quiet:          false
    help:
        help:           false
        dry-run:        true
    conda:
        prefix: /path/to/mdi/environments/protamine-tools 
        channels:
            - conda-forge
            - bioconda
            - defaults
        dependencies:
            - pigz=2.8
            - fastp=0.24
            - bowtie2=2.5
            - genmap=1.3
            - samtools=1.21
            - bedtools=2.31
            - r-ggseqlogo
            - r-uwot
            - r-rcpphnsw
            - r-matrixstats
            - r-base=4.4
            - r-essentials=4.4
            - r-r.utils=2.12
            - r-mass=7
...
---
task:
    task-id: 1
    data-name: mm39
    genome: mm39
...

executing: genome download, step 1 = download

downloading resource files for reference genome mm39
  downloading genome fasta
    from: https://hgdownload.soe.ucsc.edu/goldenPath/mm39/bigZips/mm39.fa.gz
    to:   /path/to/mdi/resources/genomes/mm39/mm39.fa.gz
2025-10-25 14:22:43 URL:https://hgdownload.soe.ucsc.edu/goldenPath/mm39/bigZips/mm39.fa.gz [870543764/870543764] -> "/path/to/mdi/resources/genomes/mm39/mm39.fa.gz" [1]
  unzipping genome fasta
  indexing genome fasta
  downloading gaps file
    from: https://hgdownload.soe.ucsc.edu/goldenPath/mm39/database/gap.txt.gz
    to:   /path/to/mdi/resources/genomes/mm39/metadata/mm39.gaps.txt.gz
2025-10-25 14:23:27 URL:https://hgdownload.soe.ucsc.edu/goldenPath/mm39/database/gap.txt.gz [4072/4072] -> "/path/to/mdi/resources/genomes/mm39/metadata/mm39.gaps.txt.gz" [1]
  unzipping gaps file
  downloading GTF file
    from: https://ftp.ebi.ac.uk/pub/databases/gencode/Gencode_mouse/release_M36/gencode.vM36.basic.annotation.gtf.gz
    to:   /path/to/mdi/resources/genomes/mm39/annotations/mm39.gencode.M36.basic.annotation.gtf.gz
2025-10-25 14:23:29 URL:https://ftp.ebi.ac.uk/pub/databases/gencode/Gencode_mouse/release_M36/gencode.vM36.basic.annotation.gtf.gz [23747170/23747170] -> "/path/to/mdi/resources/genomes/mm39/annotations/mm39.gencode.M36.basic.annotation.gtf.gz" [1]
  writing genes BED file
    from: /path/to/mdi/resources/genomes/mm39/annotations/mm39.gencode.M36.basic.annotation.gtf.gz
    to:   /path/to/mdi/resources/genomes/mm39/annotations/mm39.gencode.M36.genes.bed.gz

done

---
job-manager:
    exit_status: 0
    walltime: 1:12.92
    seconds: 72.92
    maxvmem: 61712K
    swaps: 0
---
job-manager:
    ended: Sat 10/25/25 14:23
...
----------------------------------------------------------------------------------------------------
/path/to/jobFiles/.genome.yml.data/log/slurm/genome_download.o34821301-2
----------------------------------------------------------------------------------------------------

---
job-manager:
    host: gl3024.arc-ts.umich.edu
    started: Sat 10/25/25 14:22
---
pipeline: protamine-tools/genome:main
description: "download and prepare genome files for binned analysis"
execute: download
thread: default
nTasks: 2
download:
    download-genome:
        genome:
            - mm39
            - dm6
        genomes-dir:    /path/to/mdi/resources/genomes
    annotation:
        gencode-release: M36
    output:
        output-dir:     /path/to/jobFiles
        data-name:
            - mm39
            - dm6
    push:
        push-server:    null
        push-dir:       /srv/data
        push-user:      ubuntu
        push-key:       ~/.ssh/mdi-push-key.pem
    version:
        version:        latest
    resources:
        runtime:        auto
        n-cpu:          1
        n-gpu:          0
        ram-per-cpu:    8G
        tmp-dir:        /tmp
        tmp-dir-large:  /tmp
    job-manager:
        email:          nobody@nowhere.edu
        account:        XXXXX
        time-limit:     1:00:00
        partition:      standard
        exclusive:      false
    workflow:
        force:          false
        rollback:       null
        quiet:          false
    help:
        help:           false
        dry-run:        true
    conda:
        prefix: /path/to/mdi/environments/protamine-tools 
        channels:
            - conda-forge
            - bioconda
            - defaults
        dependencies:
            - pigz=2.8
            - fastp=0.24
            - bowtie2=2.5
            - genmap=1.3
            - samtools=1.21
            - bedtools=2.31
            - r-ggseqlogo
            - r-uwot
            - r-rcpphnsw
            - r-matrixstats
            - r-base=4.4
            - r-essentials=4.4
            - r-r.utils=2.12
            - r-mass=7
...
---
task:
    task-id: 2
    data-name: dm6
    genome: dm6
...

executing: genome download, step 1 = download

downloading resource files for reference genome dm6
  downloading genome fasta
    from: https://hgdownload.soe.ucsc.edu/goldenPath/dm6/bigZips/dm6.fa.gz
    to:   /path/to/mdi/resources/genomes/dm6/dm6.fa.gz
2025-10-25 14:22:27 URL:https://hgdownload.soe.ucsc.edu/goldenPath/dm6/bigZips/dm6.fa.gz [45153922/45153922] -> "/path/to/mdi/resources/genomes/dm6/dm6.fa.gz" [1]
  unzipping genome fasta
  indexing genome fasta
  downloading gaps file
    from: https://hgdownload.soe.ucsc.edu/goldenPath/dm6/database/gap.txt.gz
    to:   /path/to/mdi/resources/genomes/dm6/metadata/dm6.gaps.txt.gz
2025-10-25 14:22:30 URL:https://hgdownload.soe.ucsc.edu/goldenPath/dm6/database/gap.txt.gz [7298/7298] -> "/path/to/mdi/resources/genomes/dm6/metadata/dm6.gaps.txt.gz" [1]
  unzipping gaps file
  downloading excluded regions
    from: https://github.com/Boyle-Lab/Blacklist/raw/master/lists/dm6-blacklist.v2.bed.gz
    to:   /path/to/mdi/resources/genomes/dm6/metadata/dm6.exclusions.bed.gz
2025-10-25 14:22:31 URL:https://raw.githubusercontent.com/Boyle-Lab/Blacklist/master/lists/dm6-blacklist.v2.bed.gz [1660/1660] -> "/path/to/mdi/resources/genomes/dm6/metadata/dm6.exclusions.bed.gz" [1]
  unzipping excluded regions

done

---
job-manager:
    exit_status: 0
    walltime: 0:07.47
    seconds: 7.47
    maxvmem: 61780K
    swaps: 0
---
job-manager:
    ended: Sat 10/25/25 14:22
...
====================================================================================================
job: 34821302
----------------------------------------------------------------------------------------------------
/path/to/jobFiles/.genome.yml.data/log/slurm/genome_composite_mm39_dm6.o34821302
----------------------------------------------------------------------------------------------------

---
job-manager:
    host: gl3024.arc-ts.umich.edu
    started: Sat 10/25/25 14:23
---
pipeline: protamine-tools/genome:main
description: "download and prepare genome files for binned analysis"
execute: composite
thread: default
nTasks: 1
composite:
    composite:
        primary-genome: mm39
        primary-genome-dir: null
        spike-in-genome: dm6
        spike-in-genome-dir: null
    genome:
        genome:         mm39_dm6
        genome-dir:     null
    output:
        output-dir:     /path/to/jobFiles
        data-name:      mm39_dm6
    push:
        push-server:    null
        push-dir:       /srv/data
        push-user:      ubuntu
        push-key:       ~/.ssh/mdi-push-key.pem
    version:
        version:        latest
    resources:
        runtime:        auto
        n-cpu:          1
        n-gpu:          0
        ram-per-cpu:    8G
        tmp-dir:        /tmp
        tmp-dir-large:  /tmp
    job-manager:
        email:          nobody@nowhere.edu
        account:        XXXXX
        time-limit:     1:00:00
        partition:      standard
        exclusive:      false
    workflow:
        force:          false
        rollback:       null
        quiet:          false
    help:
        help:           false
        dry-run:        true
    conda:
        prefix: /path/to/mdi/environments/protamine-tools 
        channels:
            - conda-forge
            - bioconda
            - defaults
        dependencies:
            - pigz=2.8
            - fastp=0.24
            - bowtie2=2.5
            - genmap=1.3
            - samtools=1.21
            - bedtools=2.31
            - r-ggseqlogo
            - r-uwot
            - r-rcpphnsw
            - r-matrixstats
            - r-base=4.4
            - r-essentials=4.4
            - r-r.utils=2.12
            - r-mass=7
...
awk: fatal: cannot open file `/path/to/mdi/resources/genomes/mm39_dm6/genome.fa.fai' for reading (No such file or directory)
cat: /path/to/mdi/resources/genomes/mm39_dm6/genome.fa.fai: No such file or directory

executing: genome composite, step 1 = composite

concatenating genome FASTA files
indexing concatenated genome FASTA file
concatenating genome gaps files
concatenating genome exclusion files
parsing gaps and exclusions files into an inclusion regions file
tranferring primary genome annotation BED

done


---
job-manager:
    exit_status: 0
    walltime: 0:44.75
    seconds: 44.75
    maxvmem: 61712K
    swaps: 0
---
job-manager:
    ended: Sat 10/25/25 14:24
...
====================================================================================================
job: 34821303
----------------------------------------------------------------------------------------------------
/path/to/jobFiles/.genome.yml.data/log/slurm/genome_mappability_mm39_dm6.o34821303
----------------------------------------------------------------------------------------------------

---
job-manager:
    host: gl3019.arc-ts.umich.edu
    started: Sat 10/25/25 14:24
---
pipeline: protamine-tools/genome:main
description: "download and prepare genome files for binned analysis"
execute: mappability
thread: default
nTasks: 1
mappability:
    genome:
        genome:         mm39_dm6
        genome-dir:     null
    bin:
        bin-size:       1000
    output:
        output-dir:     /path/to/jobFiles
        data-name:      mm39_dm6
    push:
        push-server:    null
        push-dir:       /srv/data
        push-user:      ubuntu
        push-key:       ~/.ssh/mdi-push-key.pem
    version:
        version:        latest
    resources:
        runtime:        auto
        n-cpu:          16
        n-gpu:          0
        ram-per-cpu:    4G
        tmp-dir:        /tmp
        tmp-dir-large:  /tmp
    job-manager:
        email:          nobody@nowhere.edu
        account:        XXXXX
        time-limit:     24:00:00
        partition:      standard
        exclusive:      false
    workflow:
        force:          false
        rollback:       null
        quiet:          false
    help:
        help:           false
        dry-run:        true
    conda:
        prefix: /path/to/mdi/environments/protamine-tools 
        channels:
            - conda-forge
            - bioconda
            - defaults
        dependencies:
            - pigz=2.8
            - fastp=0.24
            - bowtie2=2.5
            - genmap=1.3
            - samtools=1.21
            - bedtools=2.31
            - r-ggseqlogo
            - r-uwot
            - r-rcpphnsw
            - r-matrixstats
            - r-base=4.4
            - r-essentials=4.4
            - r-r.utils=2.12
            - r-mass=7
...
ACTION	STEP#	STEP	DATE
composite	1	composite	Sat Oct 25 14:24:40 EDT 2025

writing file of all possible Tn5 9-kmers
copying genome fasta to shared memory

executing: genome mappability, step 1 = mappability
indexing mm39_dm6 fasta file for genmap
Input does not fit into int32_t (>2GB), algorithm will need about `10n` main memory.
It might be more or less depending on the number and length of the individual sequences.
If you are running out of memory, you can try to reduce the memory consumption a bit by inreasing `-S`, e.g., use `-S 20` (up to 64).
Although this will slow down the algorithm to compute the mappability.
Create fwd Index ... done!
Create bwd Index ... done!
Index created successfully.

creating mappability maps for mm39_dm6
insert size level = 35, allowed errors = 1
Progress: 100.00%
insert size level = 40, allowed errors = 1
Progress: 100.00%
insert size level = 45, allowed errors = 2
Progress: 100.00%
insert size level = 50, allowed errors = 2
Progress: 100.00%
insert size level = 55, allowed errors = 2
Progress: 100.00%
insert size level = 60, allowed errors = 2
Progress: 100.00%
insert size level = 70, allowed errors = 2
Progress: 100.00%
insert size level = 80, allowed errors = 2
Progress: 100.00%
insert size level = 90, allowed errors = 2
Progress: 100.00%
insert size level = 100, allowed errors = 2
Progress: 100.00%
insert size level = 120, allowed errors = 3
Progress: 100.00%
insert size level = 140, allowed errors = 3
Progress: 100.00%
insert size level = 160, allowed errors = 3
Progress: 100.00%
insert size level = 180, allowed errors = 3
Progress: 100.00%
insert size level = 200, allowed errors = 3
Progress: 100.00%
insert size level = 220, allowed errors = 4
Progress: 100.00%
insert size level = 240, allowed errors = 4
Progress: 100.00%
insert size level = 260, allowed errors = 4
Progress: 100.00%
insert size level = 280, allowed errors = 4
Progress: 100.00%
insert size level = 300, allowed errors = 4
Progress: 100.00%

done

executing: genome mappability, step 2 = tn5_sites
initializing
counting possible genome cleavage sites by insert size level
   insert size level = 35
   insert size level = 40
   insert size level = 45
   insert size level = 50
   insert size level = 55
   insert size level = 60
   insert size level = 70
   insert size level = 80
   insert size level = 90
   insert size level = 100
   insert size level = 120
   insert size level = 140
   insert size level = 160
   insert size level = 180
   insert size level = 200
   insert size level = 220
   insert size level = 260
   insert size level = 280
   insert size level = 300
   insert size level = 240

refactoring  primary to tn5_site_counts_exp.rds
 int [1:262144, 1:20] 1612154 248487 268930 234985 190710 85989 11181 83834 209091 69792 ...
refactoring  primary to tn5_site_freqs_exp.txt.gz
 num [1:262144, 1:20] 0.000735 0.000113 0.000123 0.000107 0.000087 ...

refactoring  spike_in to tn5_site_counts_exp.rds
 int [1:262144, 1:20] 58713 11110 9175 15591 10041 3057 3196 4431 7781 3991 ...
refactoring  spike_in to tn5_site_freqs_exp.txt.gz
 num [1:262144, 1:20] 0.0005002 0.0000946 0.0000782 0.0001328 0.0000855 ...

---
job-manager:
    exit_status: 0
    walltime: 22:37:04
    seconds: 81424.88
    maxvmem: 29539060K
    swaps: 0
---
job-manager:
    ended: Sun 10/26/25 13:02
...
====================================================================================================
job: 34821304
----------------------------------------------------------------------------------------------------
/path/to/jobFiles/.genome.yml.data/log/slurm/genome_bin_mm39_dm6.o34821304
----------------------------------------------------------------------------------------------------

---
job-manager:
    host: gl3019.arc-ts.umich.edu
    started: Sun 10/26/25 13:02
---
pipeline: protamine-tools/genome:main
description: "download and prepare genome files for binned analysis"
execute: bin
thread: default
nTasks: 1
bin:
    genome:
        genome:         mm39_dm6
        genome-dir:     null
    bin:
        bin-size:       1000
    output:
        output-dir:     /path/to/jobFiles
        data-name:      mm39_dm6
    push:
        push-server:    null
        push-dir:       /srv/data
        push-user:      ubuntu
        push-key:       ~/.ssh/mdi-push-key.pem
    version:
        version:        latest
    resources:
        runtime:        auto
        n-cpu:          4
        n-gpu:          0
        ram-per-cpu:    2G
        tmp-dir:        /tmp
        tmp-dir-large:  /tmp
    job-manager:
        email:          nobody@nowhere.edu
        account:        XXXXX
        time-limit:     2:00:00
        partition:      standard
        exclusive:      false
    workflow:
        force:          false
        rollback:       null
        quiet:          false
    help:
        help:           false
        dry-run:        true
    conda:
        prefix: /path/to/mdi/environments/protamine-tools 
        channels:
            - conda-forge
            - bioconda
            - defaults
        dependencies:
            - pigz=2.8
            - fastp=0.24
            - bowtie2=2.5
            - genmap=1.3
            - samtools=1.21
            - bedtools=2.31
            - r-ggseqlogo
            - r-uwot
            - r-rcpphnsw
            - r-matrixstats
            - r-base=4.4
            - r-essentials=4.4
            - r-r.utils=2.12
            - r-mass=7
...
ACTION	STEP#	STEP	DATE
composite	1	composite	Sat Oct 25 14:24:40 EDT 2025
mappability	1	mappability	Sun Oct 26 10:24:20 EDT 2025
mappability	2	tn5_sites	Sun Oct 26 13:01:58 EDT 2025


executing: genome bin, step 1 = bin
creating genome bins based on:
  /path/to/mdi/resources/genomes/mm39_dm6/genome.fa
  /path/to/mdi/resources/genomes/mm39_dm6/metadata/mm39_dm6.gaps.txt
  /path/to/mdi/resources/genomes/mm39_dm6/metadata/mm39_dm6.exclusions.bed
  /path/to/mdi/resources/genomes/mm39_dm6/genmap/maps/mm39_dm6.mappability.*
  bin size = 1000
calculating bins, inclusions, and GC content
appending mappability levels and GC content
  insert size level = 35
  insert size level = 40
  insert size level = 45
  insert size level = 50
  insert size level = 55
  insert size level = 60
  insert size level = 70
  insert size level = 80
  insert size level = 90
  insert size level = 100
  insert size level = 120
  insert size level = 140
  insert size level = 160
  insert size level = 180
  insert size level = 200
  insert size level = 220
  insert size level = 240
  insert size level = 260
  insert size level = 280
  insert size level = 300

/path/to/mdi/resources/genomes/mm39_dm6/bins/mm39_dm6.bin_1000.bed.gz

head of bins file
chrom	start0	end1	included	map_35	gc_35	map_40	gc_40	map_45	gc_45	map_50	gc_50	map_55	gc_55	map_60	gc_60	map_70	gc_70	map_80	gc_80	map_90	gc_90	map_100	gc_100	map_120	gc_120	map_140	gc_140	map_160	gc_160	map_180	gc_180	map_200	gc_200	map_220	gc_220	map_240	gc_240	map_260	gc_260	map_280	gc_280	map_300	gc_300
chr1-mm39	0	1000	0	0	0	0	0	0	0	0	0	0	0	0	0	0	0	0	0	0	0	0	0	0	0	0	0	0	0	0	0	0	0	0	0	0	0	0	0	0	0	0	0
chr1-mm39	1000	2000	0	0	0	0	0	0	0	0	0	0	0	0	0	0	0	0	0	0	0	0	0	0	0	0	0	0	0	0	0	0	0	0	0	0	0	0	0	0	0	0	0
chr1-mm39	2000	3000	0	0	0	0	0	0	0	0	0	0	0	0	0	0	0	0	0	0	0	0	0	0	0	0	0	0	0	0	0	0	0	0	0	0	0	0	0	0	0	0	0
chr1-mm39	3000	4000	0	0	0	0	0	0	0	0	0	0	0	0	0	0	0	0	0	0	0	0	0	0	0	0	0	0	0	0	0	0	0	0	0	0	0	0	0	0	0	0	0
chr1-mm39	4000	5000	0	0	0	0	0	0	0	0	0	0	0	0	0	0	0	0	0	0	0	0	0	0	0	0	0	0	0	0	0	0	0	0	0	0	0	0	0	0	0	0	0
chr1-mm39	5000	6000	0	0	0	0	0	0	0	0	0	0	0	0	0	0	0	0	0	0	0	0	0	0	0	0	0	0	0	0	0	0	0	0	0	0	0	0	0	0	0	0	0
chr1-mm39	6000	7000	0	0	0	0	0	0	0	0	0	0	0	0	0	0	0	0	0	0	0	0	0	0	0	0	0	0	0	0	0	0	0	0	0	0	0	0	0	0	0	0	0
chr1-mm39	7000	8000	0	0	0	0	0	0	0	0	0	0	0	0	0	0	0	0	0	0	0	0	0	0	0	0	0	0	0	0	0	0	0	0	0	0	0	0	0	0	0	0	0
chr1-mm39	8000	9000	0	0	0	0	0	0	0	0	0	0	0	0	0	0	0	0	0	0	0	0	0	0	0	0	0	0	0	0	0	0	0	0	0	0	0	0	0	0	0	0	0

head of bins file (included regions only)
chrom	start0	end1	included	map_35	gc_35	map_40	gc_40	map_45	gc_45	map_50	gc_50	map_55	gc_55	map_60	gc_60	map_70	gc_70	map_80	gc_80	map_90	gc_90	map_100	gc_100	map_120	gc_120	map_140	gc_140	map_160	gc_160	map_180	gc_180	map_200	gc_200	map_220	gc_220	map_240	gc_240	map_260	gc_260	map_280	gc_280	map_300	gc_300
chr1-mm39	3050000	3051000	1	0.6360	0.3992	0.6730	0.4015	0.6290	0.3977	0.6590	0.4012	0.6900	0.4030	0.7230	0.3982	0.7700	0.4125	0.8160	0.4196	0.8410	0.4231	0.8610	0.4258	0.8650	0.4267	0.8970	0.4320	0.9290	0.4303	0.9790	0.4386	1.0000	0.4320	0.9910	0.4410	1.0000	0.4334	1.0000	0.4321	1.0000	0.4324	1.0000	0.4303
chr1-mm39	3051000	3052000	1	1.0000	0.3878	1.0000	0.3879	1.0000	0.3870	1.0000	0.3861	1.0000	0.3852	1.0000	0.3853	1.0000	0.3845	1.0000	0.3865	1.0000	0.3866	1.0000	0.3867	1.0000	0.3887	1.0000	0.3889	1.0000	0.3909	1.0000	0.3927	1.0000	0.3945	1.0000	0.3929	1.0000	0.3914	1.0000	0.3956	1.0000	0.3933	1.0000	0.3903
chr1-mm39	3052000	3053000	1	1.0000	0.3714	1.0000	0.3696	1.0000	0.3697	1.0000	0.3699	1.0000	0.3691	1.0000	0.3692	1.0000	0.3686	1.0000	0.3679	1.0000	0.3673	1.0000	0.3685	1.0000	0.3718	1.0000	0.3696	1.0000	0.3684	1.0000	0.3681	1.0000	0.3686	1.0000	0.3716	1.0000	0.3729	1.0000	0.3725	1.0000	0.3706	1.0000	0.3703
chr1-mm39	3053000	3054000	1	1.0000	0.4052	1.0000	0.4033	1.0000	0.4023	1.0000	0.4023	1.0000	0.4013	1.0000	0.4032	1.0000	0.4041	1.0000	0.4050	1.0000	0.4050	1.0000	0.4049	1.0000	0.4039	1.0000	0.4021	1.0000	0.4029	1.0000	0.4020	1.0000	0.4020	1.0000	0.3987	1.0000	0.3955	1.0000	0.3932	1.0000	0.3917	1.0000	0.3888
chr1-mm39	3054000	3055000	1	0.9530	0.3405	0.9580	0.3412	0.9610	0.3433	0.9660	0.3457	0.9710	0.3455	0.9770	0.3483	0.9970	0.3480	1.0000	0.3429	1.0000	0.3425	1.0000	0.3430	1.0000	0.3458	1.0000	0.3468	1.0000	0.3486	1.0000	0.3494	1.0000	0.3486	1.0000	0.3495	1.0000	0.3479	1.0000	0.3479	1.0000	0.3479	1.0000	0.3480
chr1-mm39	3055000	3056000	1	1.0000	0.3559	1.0000	0.3571	1.0000	0.3582	1.0000	0.3603	1.0000	0.3615	1.0000	0.3636	1.0000	0.3639	1.0000	0.3652	1.0000	0.3664	1.0000	0.3649	1.0000	0.3646	1.0000	0.3635	1.0000	0.3624	1.0000	0.3605	1.0000	0.3620	1.0000	0.3601	1.0000	0.3584	1.0000	0.3566	1.0000	0.3542	1.0000	0.3533
chr1-mm39	3056000	3057000	1	0.7570	0.3581	0.8260	0.3696	0.7560	0.3595	0.8000	0.3647	0.8430	0.3676	0.8800	0.3663	0.9200	0.3679	0.9430	0.3748	0.9620	0.3801	0.9730	0.3811	0.9770	0.3875	1.0000	0.3775	1.0000	0.3770	1.0000	0.3774	1.0000	0.3761	1.0000	0.3749	1.0000	0.3761	1.0000	0.3781	1.0000	0.3800	1.0000	0.3788
chr1-mm39	3057000	3058000	1	0.7440	0.3760	0.8060	0.3746	0.7370	0.3745	0.7830	0.3714	0.8380	0.3777	0.8910	0.3782	0.9530	0.3749	0.9870	0.3737	1.0000	0.3747	1.0000	0.3731	1.0000	0.3735	1.0000	0.3740	1.0000	0.3727	1.0000	0.3723	1.0000	0.3703	1.0000	0.3716	1.0000	0.3713	1.0000	0.3741	1.0000	0.3761	1.0000	0.3780
chr1-mm39	3058000	3059000	1	0.3680	0.4045	0.4720	0.4153	0.3770	0.4061	0.4920	0.4107	0.5770	0.4212	0.6570	0.4287	0.7720	0.4378	0.8620	0.4388	0.9200	0.4373	0.9480	0.4376	0.9650	0.4395	1.0000	0.4346	1.0000	0.4323	1.0000	0.4292	1.0000	0.4279	1.0000	0.4282	1.0000	0.4302	1.0000	0.4289	1.0000	0.4292	1.0000	0.4319
chr1-mm39	3059000	3060000	1	0.5700	0.4801	0.7080	0.4802	0.5850	0.4748	0.6790	0.4755	0.7720	0.4767	0.8690	0.4713	0.9640	0.4759	0.9990	0.4726	1.0000	0.4720	1.0000	0.4695	1.0000	0.4683	1.0000	0.4688	1.0000	0.4694	1.0000	0.4716	1.0000	0.4704	1.0000	0.4676	1.0000	0.4681	1.0000	0.4654	1.0000	0.4644	1.0000	0.4634

mappability summary (included bins only)
mappability	k_35	k_40	k_45	k_50	k_55	k_60	k_70	k_80	k_90	k_100	k_120	k_140	k_160	k_180	k_200	k_220	k_240	k_260	k_280	k_300
0.00	176422	165737	185449	178006	172250	167412	159510	153009	147724	143112	147885	141624	136517	131990	128195	132477	129368	126343	123620	121016
0.05	45909	42127	47796	42256	38319	35589	31575	27639	19451	16918	14406	12177	10553	9492	8626	8184	7581	7155	6837	6566
0.10	28950	25190	28940	26784	24018	21563	17949	16862	21966	22152	22747	14978	11692	10238	8970	8300	7514	7061	6622	6270
0.15	25003	22151	23585	22045	20460	18686	15693	14336	12913	11459	10836	16707	18154	17107	10437	9508	8422	7494	6789	6412
0.20	22564	20763	21302	19846	18714	17261	15053	12628	11205	10852	10821	9004	8532	9087	15083	16267	11835	8916	8036	7069
0.25	22172	19851	20633	19024	17788	16894	14603	12551	10908	9849	10040	9316	7980	7539	7240	7392	11638	14137	13839	8735
0.30	22037	19922	20616	18976	17579	16700	14770	13011	11149	9870	9654	8442	8338	7229	6857	6749	6624	6538	6979	12099
0.35	22718	20311	20930	19390	18082	16636	14973	13297	11778	10290	10125	8526	7478	7589	7010	6671	6460	6137	6036	5888
0.40	23872	21451	22344	20341	18658	17765	15724	13869	12284	10820	10546	8994	7896	7110	6945	7297	6495	6311	6002	5834
0.45	25792	23016	23908	21800	20082	18486	16606	15039	13247	11711	11488	9374	8099	7308	6874	7036	6991	6396	6082	5796
0.50	28063	25414	25546	23909	22005	20141	17625	16047	14502	13000	12332	10215	8857	7729	6982	7128	6738	6809	6344	6131
0.55	31964	28562	29479	26820	24593	22880	19812	17584	15889	14160	13495	11156	9491	8386	7611	7710	7038	6649	6587	6321
0.60	38083	33074	34373	30940	28326	25835	21986	19423	17720	16244	15284	12595	10439	9097	8047	8131	7560	6974	6759	6429
0.65	45874	40614	41623	38290	35112	31886	26858	23241	20273	18023	16938	14513	12306	10495	9033	9216	8246	7612	7139	6902
0.70	55744	48139	49856	44904	40805	37547	31450	27329	24431	22270	20766	16949	14119	11927	10703	10742	9491	8584	7876	7583
0.75	70167	60242	62044	54954	50208	45822	38506	32701	29175	26127	24196	20815	17552	14748	12264	12433	11016	10157	9173	8128
0.80	99617	81802	84722	72938	64894	58894	49095	41216	35254	31353	28865	24836	21172	18238	15768	15619	13262	11579	10510	9914
0.85	156465	137264	141657	124121	107457	94074	74953	60108	48919	41529	36217	30930	26839	22773	19681	19201	17076	14681	12895	11456
0.90	200427	186437	183566	176202	170501	163266	143455	118640	93079	73516	59065	42128	34507	29916	25479	24477	21298	18817	16475	14813
0.95	379491	349635	336763	304845	270887	243259	209800	190513	173156	151559	123316	82215	62448	46702	37531	34879	30156	26272	22977	20012
1.00	1151195	1300827	1267397	1386138	1491791	1581933	1722533	1833486	1927506	2007715	2063507	2167035	2229560	2277829	2313193	2313112	2337720	2357907	2374952	2389155

gc summary (included bins only)
frac_gc	k_35	k_40	k_45	k_50	k_55	k_60	k_70	k_80	k_90	k_100	k_120	k_140	k_160	k_180	k_200	k_220	k_240	k_260	k_280	k_300
0.00	149815	144838	165153	160690	156840	153374	147438	142462	138187	134495	140669	135511	130900	127041	123588	128300	125317	122571	119940	117604
0.05	79	83	49	47	66	85	96	95	60	47	24	12	13	13	9	7	7	7	5	3
0.10	345	321	256	277	257	241	254	217	208	147	83	28	18	14	12	10	13	12	13	15
0.15	1144	1095	1032	914	790	687	549	478	459	421	291	224	136	84	68	58	43	35	27	24
0.20	2587	2421	2672	2517	2337	2167	1826	1467	1247	1112	912	781	701	555	412	334	251	221	173	154
0.25	14283	13107	14706	13573	12623	12133	10719	9919	9143	8679	7948	7606	7042	6917	6434	6221	5779	5542	5171	5069
0.30	144497	138470	144105	136756	132628	129213	121956	116476	111968	111947	107345	106428	102963	102918	99619	99967	96990	97452	94716	94861
0.35	536827	533629	529118	529187	526098	522703	512999	509883	508580	505696	499326	500782	497295	500209	496660	498712	495301	498603	495046	498875
0.40	781366	787673	774748	778270	781615	792068	804546	807447	808004	818486	818578	827814	834181	841230	845341	847082	850040	855445	858249	863314
0.45	648434	656841	647239	658501	664778	662718	676055	688480	699941	692108	702688	697472	709233	701481	713495	702956	714842	705918	717532	708624
0.50	288197	290527	290863	288805	292534	294243	295493	294832	293706	298054	295361	296140	292259	293634	290137	291663	288555	290745	287519	289285
0.55	82382	81276	80702	81355	80020	81125	79085	79522	79894	79884	78490	78897	77332	77887	76631	77124	75672	76321	74877	75459
0.60	15460	15238	15057	14851	15211	15076	14960	14711	14601	14949	14561	14639	14469	14622	14332	14413	14197	14220	13968	13996
0.65	4615	4594	4470	4492	4457	4434	4340	4363	4411	4400	4251	4246	4116	4090	4030	3958	3857	3812	3742	3720
0.70	1829	1772	1726	1675	1682	1662	1629	1627	1587	1574	1503	1458	1419	1398	1359	1329	1304	1266	1219	1210
0.75	582	566	557	544	523	534	528	497	479	482	459	452	418	403	371	365	334	334	310	295
0.80	78	70	68	70	67	63	53	50	51	45	37	37	32	31	29	27	24	22	19	18
0.85	6	5	7	5	3	2	2	3	3	3	3	2	2	2	2	3	3	3	3	3
0.90	2	3	1			1	1													
0.95	1																			
1.00																				

---
job-manager:
    exit_status: 0
    walltime: 10:34.98
    seconds: 634.98
    maxvmem: 1025688K
    swaps: 0
---
job-manager:
    ended: Sun 10/26/25 13:12
...
====================================================================================================
~~~~~~~~~~~~~~~~~~~~~~~~~~~~~~~~~~~~~~~~~~~~~~~~~~~~~~~~~~~~~~~~~~~~~~~~~~~~~~~~~~~~~~~~~~~~~~~~~~~~
